--- 87
--- 66
--- 3
--- 16
--- 49
--- 80
--- 39
--- 71
--- 45
--- 29
--- 37
--- 59
--- 13
--- 67
--- 14
--- 17
--- 45
--- 96
--- 38
--- 61
--- 37
--- 8
--- 22
--- 76
--- 89
--- 12
--- 18
--- 55
--- 85
--- 63
--- 93
--- 15
--- 46
--- 55
--- 98
--- 75
--- 75
--- 98
--- 39
--- 91
--- 67
--- 50
--- 75
--- 43
--- 35
--- 45
--- 82
--- 37
--- 19
--- 98
--- 87
--- 38
--- 43
--- 41
--- 70
--- 42
--- 97
--- 92
--- 16
--- 88
--- 40
--- 7
--- 31
--- 76
--- 56
--- 87
--- 92
--- 35
--- 98
--- 84
--- 40
--- 35
--- 57
--- 74
--- 1
--- 73
--- 78
--- 68
3
1 4 5 