#
# A fatal error has been detected by the Java Runtime Environment:
#
#  EXCEPTION_ACCESS_VIOLATION (0xc0000005) at pc=0x00007ffe93386eea, pid=1268, tid=12996
#
# JRE version: OpenJDK Runtime Environment (11.0.3+12) (build 11.0.3+12-b304.56)
# Java VM: OpenJDK 64-Bit Server VM (11.0.3+12-b304.56, mixed mode, sharing, tiered, compressed oops, g1 gc, windows-amd64)
# Problematic frame:
# V  [jvm.dll+0x356eea]
#
# No core dump will be written. Minidumps are not enabled by default on client versions of Windows
#
# If you would like to submit a bug report, please visit:
#   http://bugreport.java.com/bugreport/crash.jsp
#

---------------  S U M M A R Y ------------

Command Line: -javaagent:D:\IntelliJ IDEA 2019.2.2\lib\idea_rt.jar=50806:D:\IntelliJ IDEA 2019.2.2\bin -Dfile.encoding=UTF-8 ticTacToe.Main

Host: Intel(R) Core(TM) i5-7200U CPU @ 2.50GHz, 4 cores, 11G,  Windows 10 , 64 bit Build 18362 (10.0.18362.329)
Time: Fri Nov 29 16:49:03 2019 RTZ 2 (ceia) elapsed time: 0 seconds (0d 0h 0m 0s)

---------------  T H R E A D  ---------------

Current thread (0x000002156c8d3800):  JavaThread "main" [_thread_in_vm, id=12996, stack(0x00000056f9600000,0x00000056f9700000)]

Stack: [0x00000056f9600000,0x00000056f9700000],  sp=0x00000056f96f9f18,  free space=999k
Native frames: (J=compiled Java code, j=interpreted, Vv=VM code, C=native code)
V  [jvm.dll+0x356eea]
V  [jvm.dll+0x358e24]
V  [jvm.dll+0x356f5f]
V  [jvm.dll+0x359ead]
V  [jvm.dll+0x359af8]
V  [jvm.dll+0x367337]
C  0x000002157086f2cd

Java frames: (J=compiled Java code, j=interpreted, Vv=VM code)
j  java.lang.invoke.VarHandleInts$FieldInstanceReadOnly.<clinit>()V+0 java.base@11.0.3
v  ~StubRoutines::call_stub
j  java.lang.invoke.VarHandles.makeFieldHandle(Ljava/lang/invoke/MemberName;Ljava/lang/Class;Ljava/lang/Class;Z)Ljava/lang/invoke/VarHandle;+256 java.base@11.0.3
j  java.lang.invoke.MethodHandles$Lookup.getFieldVarHandleCommon(BBLjava/lang/Class;Ljava/lang/invoke/MemberName;Ljava/lang/invoke/MemberName;Z)Ljava/lang/invoke/VarHandle;+261 java.base@11.0.3
j  java.lang.invoke.MethodHandles$Lookup.getFieldVarHandle(BBLjava/lang/Class;Ljava/lang/invoke/MemberName;Ljava/lang/invoke/MemberName;)Ljava/lang/invoke/VarHandle;+12 java.base@11.0.3
j  java.lang.invoke.MethodHandles$Lookup.findVarHandle(Ljava/lang/Class;Ljava/lang/String;Ljava/lang/Class;)Ljava/lang/invoke/VarHandle;+28 java.base@11.0.3
j  java.util.concurrent.atomic.AtomicBoolean.<clinit>()V+12 java.base@11.0.3
v  ~StubRoutines::call_stub
j  java.io.RandomAccessFile.<init>(Ljava/io/File;Ljava/lang/String;Z)V+5 java.base@11.0.3
j  java.io.RandomAccessFile.<init>(Ljava/io/File;Ljava/lang/String;)V+4 java.base@11.0.3
j  java.util.zip.ZipFile$Source.<init>(Ljava/util/zip/ZipFile$Source$Key;Z)V+84 java.base@11.0.3
j  java.util.zip.ZipFile$Source.get(Ljava/io/File;Z)Ljava/util/zip/ZipFile$Source;+92 java.base@11.0.3
j  java.util.zip.ZipFile$CleanableResource.<init>(Ljava/util/zip/ZipFile;Ljava/io/File;I)V+54 java.base@11.0.3
j  java.util.zip.ZipFile$CleanableResource.get(Ljava/util/zip/ZipFile;Ljava/io/File;I)Ljava/util/zip/ZipFile$CleanableResource;+66 java.base@11.0.3
j  java.util.zip.ZipFile.<init>(Ljava/io/File;ILjava/nio/charset/Charset;)V+113 java.base@11.0.3
j  java.util.zip.ZipFile.<init>(Ljava/io/File;I)V+6 java.base@11.0.3
j  java.util.jar.JarFile.<init>(Ljava/io/File;ZILjava/lang/Runtime$Version;)V+3 java.base@11.0.3
j  jdk.internal.loader.URLClassPath$JarLoader.getJarFile(Ljava/net/URL;)Ljava/util/jar/JarFile;+56 java.base@11.0.3
j  jdk.internal.loader.URLClassPath$JarLoader$1.run()Ljava/lang/Void;+55 java.base@11.0.3
j  jdk.internal.loader.URLClassPath$JarLoader$1.run()Ljava/lang/Object;+1 java.base@11.0.3
v  ~StubRoutines::call_stub
j  java.security.AccessController.doPrivileged(Ljava/security/PrivilegedExceptionAction;Ljava/security/AccessControlContext;)Ljava/lang/Object;+0 java.base@11.0.3
j  jdk.internal.loader.URLClassPath$JarLoader.ensureOpen()V+19 java.base@11.0.3
j  jdk.internal.loader.URLClassPath$JarLoader.<init>(Ljava/net/URL;Ljava/net/URLStreamHandler;Ljava/util/HashMap;Ljava/security/AccessControlContext;)V+63 java.base@11.0.3
j  jdk.internal.loader.URLClassPath$3.run()Ljdk/internal/loader/URLClassPath$Loader;+168 java.base@11.0.3
j  jdk.internal.loader.URLClassPath$3.run()Ljava/lang/Object;+1 java.base@11.0.3
v  ~StubRoutines::call_stub
j  java.security.AccessController.doPrivileged(Ljava/security/PrivilegedExceptionAction;Ljava/security/AccessControlContext;)Ljava/lang/Object;+0 java.base@11.0.3
j  jdk.internal.loader.URLClassPath.getLoader(Ljava/net/URL;)Ljdk/internal/loader/URLClassPath$Loader;+13 java.base@11.0.3
j  jdk.internal.loader.URLClassPath.getLoader(I)Ljdk/internal/loader/URLClassPath$Loader;+81 java.base@11.0.3
j  jdk.internal.loader.URLClassPath.getResource(Ljava/lang/String;Z)Ljdk/internal/loader/Resource;+42 java.base@11.0.3
j  jdk.internal.loader.BuiltinClassLoader.findClassOnClassPathOrNull(Ljava/lang/String;)Ljava/lang/Class;+26 java.base@11.0.3
j  jdk.internal.loader.BuiltinClassLoader.loadClassOrNull(Ljava/lang/String;Z)Ljava/lang/Class;+111 java.base@11.0.3
j  jdk.internal.loader.BuiltinClassLoader.loadClass(Ljava/lang/String;Z)Ljava/lang/Class;+3 java.base@11.0.3
j  jdk.internal.loader.ClassLoaders$AppClassLoader.loadClass(Ljava/lang/String;Z)Ljava/lang/Class;+36 java.base@11.0.3
j  java.lang.ClassLoader.loadClass(Ljava/lang/String;)Ljava/lang/Class;+3 java.base@11.0.3
j  sun.instrument.InstrumentationImpl.loadClassAndStartAgent(Ljava/lang/String;Ljava/lang/String;Ljava/lang/String;)V+8 java.instrument@11.0.3
j  sun.instrument.InstrumentationImpl.loadClassAndCallPremain(Ljava/lang/String;Ljava/lang/String;)V+5 java.instrument@11.0.3
v  ~StubRoutines::call_stub

siginfo: EXCEPTION_ACCESS_VIOLATION (0xc0000005), reading address 0x0000000000000040


Register to memory mapping:

RIP=0x00007ffe93386eea jvm.dll
RAX=0x0000000000000001 is an unknown value
RBX=0x00000008008517c8 is pointing into metadata
RCX=0x0 is NULL
RDX=0x0 is NULL
RSP=0x00000056f96f9f18 is pointing into the stack for thread: 0x000002156c8d3800
RBP=0x00000056f96fa050 is pointing into the stack for thread: 0x000002156c8d3800
RSI=0x00000008008517c8 is pointing into metadata
RDI=0x00000008003f3378 is pointing into metadata
R8 =0x0000000000000002 is an unknown value
R9 =0x0 is NULL
R10=0x0000000800417158 is pointing into metadata
R11=0x00000008003f3378 is pointing into metadata
R12=0x0 is NULL
R13=0x0000000800859848 is pointing into metadata
R14=0x00000008002569d8 is pointing into metadata
R15=0x000002156c8d3800 is a thread


Registers:
RAX=0x0000000000000001, RBX=0x00000008008517c8, RCX=0x0000000000000000, RDX=0x0000000000000000
RSP=0x00000056f96f9f18, RBP=0x00000056f96fa050, RSI=0x00000008008517c8, RDI=0x00000008003f3378
R8 =0x0000000000000002, R9 =0x0000000000000000, R10=0x0000000800417158, R11=0x00000008003f3378
R12=0x0000000000000000, R13=0x0000000800859848, R14=0x00000008002569d8, R15=0x000002156c8d3800
RIP=0x00007ffe93386eea, EFLAGS=0x0000000000010202

Top of Stack: (sp=0x00000056f96f9f18)
0x00000056f96f9f18:   00007ffe93388e24 00000008003f54a0
0x00000056f96f9f28:   000002156c8d3800 0000000000000001
0x00000056f96f9f38:   00007ffe9338a9c2 000002156c8d3800
0x00000056f96f9f48:   00007ffe93386f5f 0000000800010478
0x00000056f96f9f58:   000002156c8d3800 00000008004172a8
0x00000056f96f9f68:   00007ffe935deb95 00000215094ed990
0x00000056f96f9f78:   00000008004172a8 0000000077abe26e
0x00000056f96f9f88:   00000215094ed990 00000008004172a8
0x00000056f96f9f98:   00007ffe936def5e 00000008004172a8
0x00000056f96f9fa8:   000002156c8d0d30 0000000000000006
0x00000056f96f9fb8:   00000000001c550d 00000215094ed900
0x00000056f96f9fc8:   000002156c8ccd00 000002156c8cc8a0
0x00000056f96f9fd8:   000002156c8cc3f0 00000056f96fa120
0x00000056f96f9fe8:   00007ffe93604c9f 000002156c8d4c60
0x00000056f96f9ff8:   000002150948ac00 000002156c8d3800
0x00000056f96fa008:   000002150a1a4aa8 000002156c8d3800 

Instructions: (pc=0x00007ffe93386eea)
0x00007ffe93386eca:   84 00 00 00 00 00 43 8d 04 08 d1 f8 48 63 d0 48
0x00007ffe93386eda:   8b 4c d3 08 48 8b 49 08 0f b7 51 2a 48 8b 49 08
0x00007ffe93386eea:   4c 8b 54 d1 40 4d 3b d3 72 14 33 c9 4d 3b d3 0f
0x00007ffe93386efa:   95 c1 85 c9 74 14 78 06 44 8d 40 ff eb 04 44 8d 


Stack slot to memory mapping:
stack at sp + 0 slots: 0x00007ffe93388e24 jvm.dll
stack at sp + 1 slots: 0x00000008003f54a0 is pointing into metadata
stack at sp + 2 slots: 0x000002156c8d3800 is a thread
stack at sp + 3 slots: 0x0000000000000001 is an unknown value
stack at sp + 4 slots: 0x00007ffe9338a9c2 jvm.dll
stack at sp + 5 slots: 0x000002156c8d3800 is a thread
stack at sp + 6 slots: 0x00007ffe93386f5f jvm.dll
stack at sp + 7 slots: 0x0000000800010478 is pointing into metadata


---------------  P R O C E S S  ---------------

Threads class SMR info:
_java_thread_list=0x000002150a022c80, length=9, elements={
0x000002156c8d3800, 0x0000021509615000, 0x0000021509617000, 0x000002150963c800,
0x000002150963f800, 0x0000021509641000, 0x0000021509fbf800, 0x0000021509fc2000,
0x000002150a07c000
}

Java Threads: ( => current thread )
=>0x000002156c8d3800 JavaThread "main" [_thread_in_vm, id=12996, stack(0x00000056f9600000,0x00000056f9700000)]
  0x0000021509615000 JavaThread "Reference Handler" daemon [_thread_blocked, id=3860, stack(0x00000056f9d00000,0x00000056f9e00000)]
  0x0000021509617000 JavaThread "Finalizer" daemon [_thread_blocked, id=2440, stack(0x00000056f9e00000,0x00000056f9f00000)]
  0x000002150963c800 JavaThread "Signal Dispatcher" daemon [_thread_blocked, id=4692, stack(0x00000056f9f00000,0x00000056fa000000)]
  0x000002150963f800 JavaThread "Attach Listener" daemon [_thread_blocked, id=1716, stack(0x00000056fa000000,0x00000056fa100000)]
  0x0000021509641000 JavaThread "C2 CompilerThread0" daemon [_thread_blocked, id=2840, stack(0x00000056fa100000,0x00000056fa200000)]
  0x0000021509fbf800 JavaThread "C1 CompilerThread0" daemon [_thread_blocked, id=11320, stack(0x00000056fa200000,0x00000056fa300000)]
  0x0000021509fc2000 JavaThread "Sweeper thread" daemon [_thread_blocked, id=1360, stack(0x00000056fa300000,0x00000056fa400000)]
  0x000002150a07c000 JavaThread "Common-Cleaner" daemon [_thread_blocked, id=8680, stack(0x00000056fa400000,0x00000056fa500000)]

Other Threads:
  0x000002150960f000 VMThread "VM Thread" [stack: 0x00000056f9c00000,0x00000056f9d00000] [id=4516]
  0x000002156c8eb800 GCTaskThread "GC Thread#0" [stack: 0x00000056f9700000,0x00000056f9800000] [id=5700]
  0x000002156c934000 ConcurrentGCThread "G1 Main Marker" [stack: 0x00000056f9800000,0x00000056f9900000] [id=11604]
  0x000002156c935000 ConcurrentGCThread "G1 Conc#0" [stack: 0x00000056f9900000,0x00000056f9a00000] [id=9352]
  0x00000215094a2000 ConcurrentGCThread "G1 Refine#0" [stack: 0x00000056f9a00000,0x00000056f9b00000] [id=7052]
  0x00000215094a5000 ConcurrentGCThread "G1 Young RemSet Sampling" [stack: 0x00000056f9b00000,0x00000056f9c00000] [id=11304]

Threads with active compile tasks:

VM state:not at safepoint (normal execution)

VM Mutex/Monitor currently owned by a thread: None

Heap address: 0x0000000741c00000, size: 3044 MB, Compressed Oops mode: Zero based, Oop shift amount: 3
Narrow klass base: 0x0000000800000000, Narrow klass shift: 3
Compressed class space size: 1073741824 Address: 0x0000000840000000

Heap:
 garbage-first heap   total 196608K, used 1024K [0x0000000741c00000, 0x0000000800000000)
  region size 1024K, 2 young (2048K), 0 survivors (0K)
 Metaspace       used 489K, capacity 4515K, committed 4864K, reserved 1056768K
  class space    used 42K, capacity 398K, committed 512K, reserved 1048576K
Heap Regions: E=young(eden), S=young(survivor), O=old, HS=humongous(starts), HC=humongous(continues), CS=collection set, F=free, A=archive, TAMS=top-at-mark-start (previous, next)
|   0|0x0000000741c00000, 0x0000000741c00000, 0x0000000741d00000|  0%| F|  |TAMS 0x0000000741c00000, 0x0000000741c00000| Untracked 
|   1|0x0000000741d00000, 0x0000000741d00000, 0x0000000741e00000|  0%| F|  |TAMS 0x0000000741d00000, 0x0000000741d00000| Untracked 
|   2|0x0000000741e00000, 0x0000000741e00000, 0x0000000741f00000|  0%| F|  |TAMS 0x0000000741e00000, 0x0000000741e00000| Untracked 
|   3|0x0000000741f00000, 0x0000000741f00000, 0x0000000742000000|  0%| F|  |TAMS 0x0000000741f00000, 0x0000000741f00000| Untracked 
|   4|0x0000000742000000, 0x0000000742000000, 0x0000000742100000|  0%| F|  |TAMS 0x0000000742000000, 0x0000000742000000| Untracked 
|   5|0x0000000742100000, 0x0000000742100000, 0x0000000742200000|  0%| F|  |TAMS 0x0000000742100000, 0x0000000742100000| Untracked 
|   6|0x0000000742200000, 0x0000000742200000, 0x0000000742300000|  0%| F|  |TAMS 0x0000000742200000, 0x0000000742200000| Untracked 
|   7|0x0000000742300000, 0x0000000742300000, 0x0000000742400000|  0%| F|  |TAMS 0x0000000742300000, 0x0000000742300000| Untracked 
|   8|0x0000000742400000, 0x0000000742400000, 0x0000000742500000|  0%| F|  |TAMS 0x0000000742400000, 0x0000000742400000| Untracked 
|   9|0x0000000742500000, 0x0000000742500000, 0x0000000742600000|  0%| F|  |TAMS 0x0000000742500000, 0x0000000742500000| Untracked 
|  10|0x0000000742600000, 0x0000000742600000, 0x0000000742700000|  0%| F|  |TAMS 0x0000000742600000, 0x0000000742600000| Untracked 
|  11|0x0000000742700000, 0x0000000742700000, 0x0000000742800000|  0%| F|  |TAMS 0x0000000742700000, 0x0000000742700000| Untracked 
|  12|0x0000000742800000, 0x0000000742800000, 0x0000000742900000|  0%| F|  |TAMS 0x0000000742800000, 0x0000000742800000| Untracked 
|  13|0x0000000742900000, 0x0000000742900000, 0x0000000742a00000|  0%| F|  |TAMS 0x0000000742900000, 0x0000000742900000| Untracked 
|  14|0x0000000742a00000, 0x0000000742a00000, 0x0000000742b00000|  0%| F|  |TAMS 0x0000000742a00000, 0x0000000742a00000| Untracked 
|  15|0x0000000742b00000, 0x0000000742b00000, 0x0000000742c00000|  0%| F|  |TAMS 0x0000000742b00000, 0x0000000742b00000| Untracked 
|  16|0x0000000742c00000, 0x0000000742c00000, 0x0000000742d00000|  0%| F|  |TAMS 0x0000000742c00000, 0x0000000742c00000| Untracked 
|  17|0x0000000742d00000, 0x0000000742d00000, 0x0000000742e00000|  0%| F|  |TAMS 0x0000000742d00000, 0x0000000742d00000| Untracked 
|  18|0x0000000742e00000, 0x0000000742e00000, 0x0000000742f00000|  0%| F|  |TAMS 0x0000000742e00000, 0x0000000742e00000| Untracked 
|  19|0x0000000742f00000, 0x0000000742f00000, 0x0000000743000000|  0%| F|  |TAMS 0x0000000742f00000, 0x0000000742f00000| Untracked 
|  20|0x0000000743000000, 0x0000000743000000, 0x0000000743100000|  0%| F|  |TAMS 0x0000000743000000, 0x0000000743000000| Untracked 
|  21|0x0000000743100000, 0x0000000743100000, 0x0000000743200000|  0%| F|  |TAMS 0x0000000743100000, 0x0000000743100000| Untracked 
|  22|0x0000000743200000, 0x0000000743200000, 0x0000000743300000|  0%| F|  |TAMS 0x0000000743200000, 0x0000000743200000| Untracked 
|  23|0x0000000743300000, 0x0000000743300000, 0x0000000743400000|  0%| F|  |TAMS 0x0000000743300000, 0x0000000743300000| Untracked 
|  24|0x0000000743400000, 0x0000000743400000, 0x0000000743500000|  0%| F|  |TAMS 0x0000000743400000, 0x0000000743400000| Untracked 
|  25|0x0000000743500000, 0x0000000743500000, 0x0000000743600000|  0%| F|  |TAMS 0x0000000743500000, 0x0000000743500000| Untracked 
|  26|0x0000000743600000, 0x0000000743600000, 0x0000000743700000|  0%| F|  |TAMS 0x0000000743600000, 0x0000000743600000| Untracked 
|  27|0x0000000743700000, 0x0000000743700000, 0x0000000743800000|  0%| F|  |TAMS 0x0000000743700000, 0x0000000743700000| Untracked 
|  28|0x0000000743800000, 0x0000000743800000, 0x0000000743900000|  0%| F|  |TAMS 0x0000000743800000, 0x0000000743800000| Untracked 
|  29|0x0000000743900000, 0x0000000743900000, 0x0000000743a00000|  0%| F|  |TAMS 0x0000000743900000, 0x0000000743900000| Untracked 
|  30|0x0000000743a00000, 0x0000000743a00000, 0x0000000743b00000|  0%| F|  |TAMS 0x0000000743a00000, 0x0000000743a00000| Untracked 
|  31|0x0000000743b00000, 0x0000000743b00000, 0x0000000743c00000|  0%| F|  |TAMS 0x0000000743b00000, 0x0000000743b00000| Untracked 
|  32|0x0000000743c00000, 0x0000000743c00000, 0x0000000743d00000|  0%| F|  |TAMS 0x0000000743c00000, 0x0000000743c00000| Untracked 
|  33|0x0000000743d00000, 0x0000000743d00000, 0x0000000743e00000|  0%| F|  |TAMS 0x0000000743d00000, 0x0000000743d00000| Untracked 
|  34|0x0000000743e00000, 0x0000000743e00000, 0x0000000743f00000|  0%| F|  |TAMS 0x0000000743e00000, 0x0000000743e00000| Untracked 
|  35|0x0000000743f00000, 0x0000000743f00000, 0x0000000744000000|  0%| F|  |TAMS 0x0000000743f00000, 0x0000000743f00000| Untracked 
|  36|0x0000000744000000, 0x0000000744000000, 0x0000000744100000|  0%| F|  |TAMS 0x0000000744000000, 0x0000000744000000| Untracked 
|  37|0x0000000744100000, 0x0000000744100000, 0x0000000744200000|  0%| F|  |TAMS 0x0000000744100000, 0x0000000744100000| Untracked 
|  38|0x0000000744200000, 0x0000000744200000, 0x0000000744300000|  0%| F|  |TAMS 0x0000000744200000, 0x0000000744200000| Untracked 
|  39|0x0000000744300000, 0x0000000744300000, 0x0000000744400000|  0%| F|  |TAMS 0x0000000744300000, 0x0000000744300000| Untracked 
|  40|0x0000000744400000, 0x0000000744400000, 0x0000000744500000|  0%| F|  |TAMS 0x0000000744400000, 0x0000000744400000| Untracked 
|  41|0x0000000744500000, 0x0000000744500000, 0x0000000744600000|  0%| F|  |TAMS 0x0000000744500000, 0x0000000744500000| Untracked 
|  42|0x0000000744600000, 0x0000000744600000, 0x0000000744700000|  0%| F|  |TAMS 0x0000000744600000, 0x0000000744600000| Untracked 
|  43|0x0000000744700000, 0x0000000744700000, 0x0000000744800000|  0%| F|  |TAMS 0x0000000744700000, 0x0000000744700000| Untracked 
|  44|0x0000000744800000, 0x0000000744800000, 0x0000000744900000|  0%| F|  |TAMS 0x0000000744800000, 0x0000000744800000| Untracked 
|  45|0x0000000744900000, 0x0000000744900000, 0x0000000744a00000|  0%| F|  |TAMS 0x0000000744900000, 0x0000000744900000| Untracked 
|  46|0x0000000744a00000, 0x0000000744a00000, 0x0000000744b00000|  0%| F|  |TAMS 0x0000000744a00000, 0x0000000744a00000| Untracked 
|  47|0x0000000744b00000, 0x0000000744b00000, 0x0000000744c00000|  0%| F|  |TAMS 0x0000000744b00000, 0x0000000744b00000| Untracked 
|  48|0x0000000744c00000, 0x0000000744c00000, 0x0000000744d00000|  0%| F|  |TAMS 0x0000000744c00000, 0x0000000744c00000| Untracked 
|  49|0x0000000744d00000, 0x0000000744d00000, 0x0000000744e00000|  0%| F|  |TAMS 0x0000000744d00000, 0x0000000744d00000| Untracked 
|  50|0x0000000744e00000, 0x0000000744e00000, 0x0000000744f00000|  0%| F|  |TAMS 0x0000000744e00000, 0x0000000744e00000| Untracked 
|  51|0x0000000744f00000, 0x0000000744f00000, 0x0000000745000000|  0%| F|  |TAMS 0x0000000744f00000, 0x0000000744f00000| Untracked 
|  52|0x0000000745000000, 0x0000000745000000, 0x0000000745100000|  0%| F|  |TAMS 0x0000000745000000, 0x0000000745000000| Untracked 
|  53|0x0000000745100000, 0x0000000745100000, 0x0000000745200000|  0%| F|  |TAMS 0x0000000745100000, 0x0000000745100000| Untracked 
|  54|0x0000000745200000, 0x0000000745200000, 0x0000000745300000|  0%| F|  |TAMS 0x0000000745200000, 0x0000000745200000| Untracked 
|  55|0x0000000745300000, 0x0000000745300000, 0x0000000745400000|  0%| F|  |TAMS 0x0000000745300000, 0x0000000745300000| Untracked 
|  56|0x0000000745400000, 0x0000000745400000, 0x0000000745500000|  0%| F|  |TAMS 0x0000000745400000, 0x0000000745400000| Untracked 
|  57|0x0000000745500000, 0x0000000745500000, 0x0000000745600000|  0%| F|  |TAMS 0x0000000745500000, 0x0000000745500000| Untracked 
|  58|0x0000000745600000, 0x0000000745600000, 0x0000000745700000|  0%| F|  |TAMS 0x0000000745600000, 0x0000000745600000| Untracked 
|  59|0x0000000745700000, 0x0000000745700000, 0x0000000745800000|  0%| F|  |TAMS 0x0000000745700000, 0x0000000745700000| Untracked 
|  60|0x0000000745800000, 0x0000000745800000, 0x0000000745900000|  0%| F|  |TAMS 0x0000000745800000, 0x0000000745800000| Untracked 
|  61|0x0000000745900000, 0x0000000745900000, 0x0000000745a00000|  0%| F|  |TAMS 0x0000000745900000, 0x0000000745900000| Untracked 
|  62|0x0000000745a00000, 0x0000000745a00000, 0x0000000745b00000|  0%| F|  |TAMS 0x0000000745a00000, 0x0000000745a00000| Untracked 
|  63|0x0000000745b00000, 0x0000000745b00000, 0x0000000745c00000|  0%| F|  |TAMS 0x0000000745b00000, 0x0000000745b00000| Untracked 
|  64|0x0000000745c00000, 0x0000000745c00000, 0x0000000745d00000|  0%| F|  |TAMS 0x0000000745c00000, 0x0000000745c00000| Untracked 
|  65|0x0000000745d00000, 0x0000000745d00000, 0x0000000745e00000|  0%| F|  |TAMS 0x0000000745d00000, 0x0000000745d00000| Untracked 
|  66|0x0000000745e00000, 0x0000000745e00000, 0x0000000745f00000|  0%| F|  |TAMS 0x0000000745e00000, 0x0000000745e00000| Untracked 
|  67|0x0000000745f00000, 0x0000000745f00000, 0x0000000746000000|  0%| F|  |TAMS 0x0000000745f00000, 0x0000000745f00000| Untracked 
|  68|0x0000000746000000, 0x0000000746000000, 0x0000000746100000|  0%| F|  |TAMS 0x0000000746000000, 0x0000000746000000| Untracked 
|  69|0x0000000746100000, 0x0000000746100000, 0x0000000746200000|  0%| F|  |TAMS 0x0000000746100000, 0x0000000746100000| Untracked 
|  70|0x0000000746200000, 0x0000000746200000, 0x0000000746300000|  0%| F|  |TAMS 0x0000000746200000, 0x0000000746200000| Untracked 
|  71|0x0000000746300000, 0x0000000746300000, 0x0000000746400000|  0%| F|  |TAMS 0x0000000746300000, 0x0000000746300000| Untracked 
|  72|0x0000000746400000, 0x0000000746400000, 0x0000000746500000|  0%| F|  |TAMS 0x0000000746400000, 0x0000000746400000| Untracked 
|  73|0x0000000746500000, 0x0000000746500000, 0x0000000746600000|  0%| F|  |TAMS 0x0000000746500000, 0x0000000746500000| Untracked 
|  74|0x0000000746600000, 0x0000000746600000, 0x0000000746700000|  0%| F|  |TAMS 0x0000000746600000, 0x0000000746600000| Untracked 
|  75|0x0000000746700000, 0x0000000746700000, 0x0000000746800000|  0%| F|  |TAMS 0x0000000746700000, 0x0000000746700000| Untracked 
|  76|0x0000000746800000, 0x0000000746800000, 0x0000000746900000|  0%| F|  |TAMS 0x0000000746800000, 0x0000000746800000| Untracked 
|  77|0x0000000746900000, 0x0000000746900000, 0x0000000746a00000|  0%| F|  |TAMS 0x0000000746900000, 0x0000000746900000| Untracked 
|  78|0x0000000746a00000, 0x0000000746a00000, 0x0000000746b00000|  0%| F|  |TAMS 0x0000000746a00000, 0x0000000746a00000| Untracked 
|  79|0x0000000746b00000, 0x0000000746b00000, 0x0000000746c00000|  0%| F|  |TAMS 0x0000000746b00000, 0x0000000746b00000| Untracked 
|  80|0x0000000746c00000, 0x0000000746c00000, 0x0000000746d00000|  0%| F|  |TAMS 0x0000000746c00000, 0x0000000746c00000| Untracked 
|  81|0x0000000746d00000, 0x0000000746d00000, 0x0000000746e00000|  0%| F|  |TAMS 0x0000000746d00000, 0x0000000746d00000| Untracked 
|  82|0x0000000746e00000, 0x0000000746e00000, 0x0000000746f00000|  0%| F|  |TAMS 0x0000000746e00000, 0x0000000746e00000| Untracked 
|  83|0x0000000746f00000, 0x0000000746f00000, 0x0000000747000000|  0%| F|  |TAMS 0x0000000746f00000, 0x0000000746f00000| Untracked 
|  84|0x0000000747000000, 0x0000000747000000, 0x0000000747100000|  0%| F|  |TAMS 0x0000000747000000, 0x0000000747000000| Untracked 
|  85|0x0000000747100000, 0x0000000747100000, 0x0000000747200000|  0%| F|  |TAMS 0x0000000747100000, 0x0000000747100000| Untracked 
|  86|0x0000000747200000, 0x0000000747200000, 0x0000000747300000|  0%| F|  |TAMS 0x0000000747200000, 0x0000000747200000| Untracked 
|  87|0x0000000747300000, 0x0000000747300000, 0x0000000747400000|  0%| F|  |TAMS 0x0000000747300000, 0x0000000747300000| Untracked 
|  88|0x0000000747400000, 0x0000000747400000, 0x0000000747500000|  0%| F|  |TAMS 0x0000000747400000, 0x0000000747400000| Untracked 
|  89|0x0000000747500000, 0x0000000747500000, 0x0000000747600000|  0%| F|  |TAMS 0x0000000747500000, 0x0000000747500000| Untracked 
|  90|0x0000000747600000, 0x0000000747600000, 0x0000000747700000|  0%| F|  |TAMS 0x0000000747600000, 0x0000000747600000| Untracked 
|  91|0x0000000747700000, 0x0000000747700000, 0x0000000747800000|  0%| F|  |TAMS 0x0000000747700000, 0x0000000747700000| Untracked 
|  92|0x0000000747800000, 0x0000000747800000, 0x0000000747900000|  0%| F|  |TAMS 0x0000000747800000, 0x0000000747800000| Untracked 
|  93|0x0000000747900000, 0x0000000747900000, 0x0000000747a00000|  0%| F|  |TAMS 0x0000000747900000, 0x0000000747900000| Untracked 
|  94|0x0000000747a00000, 0x0000000747a00000, 0x0000000747b00000|  0%| F|  |TAMS 0x0000000747a00000, 0x0000000747a00000| Untracked 
|  95|0x0000000747b00000, 0x0000000747b00000, 0x0000000747c00000|  0%| F|  |TAMS 0x0000000747b00000, 0x0000000747b00000| Untracked 
|  96|0x0000000747c00000, 0x0000000747c00000, 0x0000000747d00000|  0%| F|  |TAMS 0x0000000747c00000, 0x0000000747c00000| Untracked 
|  97|0x0000000747d00000, 0x0000000747d00000, 0x0000000747e00000|  0%| F|  |TAMS 0x0000000747d00000, 0x0000000747d00000| Untracked 
|  98|0x0000000747e00000, 0x0000000747e00000, 0x0000000747f00000|  0%| F|  |TAMS 0x0000000747e00000, 0x0000000747e00000| Untracked 
|  99|0x0000000747f00000, 0x0000000747f00000, 0x0000000748000000|  0%| F|  |TAMS 0x0000000747f00000, 0x0000000747f00000| Untracked 
| 100|0x0000000748000000, 0x0000000748000000, 0x0000000748100000|  0%| F|  |TAMS 0x0000000748000000, 0x0000000748000000| Untracked 
| 101|0x0000000748100000, 0x0000000748100000, 0x0000000748200000|  0%| F|  |TAMS 0x0000000748100000, 0x0000000748100000| Untracked 
| 102|0x0000000748200000, 0x0000000748200000, 0x0000000748300000|  0%| F|  |TAMS 0x0000000748200000, 0x0000000748200000| Untracked 
| 103|0x0000000748300000, 0x0000000748300000, 0x0000000748400000|  0%| F|  |TAMS 0x0000000748300000, 0x0000000748300000| Untracked 
| 104|0x0000000748400000, 0x0000000748400000, 0x0000000748500000|  0%| F|  |TAMS 0x0000000748400000, 0x0000000748400000| Untracked 
| 105|0x0000000748500000, 0x0000000748500000, 0x0000000748600000|  0%| F|  |TAMS 0x0000000748500000, 0x0000000748500000| Untracked 
| 106|0x0000000748600000, 0x0000000748600000, 0x0000000748700000|  0%| F|  |TAMS 0x0000000748600000, 0x0000000748600000| Untracked 
| 107|0x0000000748700000, 0x0000000748700000, 0x0000000748800000|  0%| F|  |TAMS 0x0000000748700000, 0x0000000748700000| Untracked 
| 108|0x0000000748800000, 0x0000000748800000, 0x0000000748900000|  0%| F|  |TAMS 0x0000000748800000, 0x0000000748800000| Untracked 
| 109|0x0000000748900000, 0x0000000748900000, 0x0000000748a00000|  0%| F|  |TAMS 0x0000000748900000, 0x0000000748900000| Untracked 
| 110|0x0000000748a00000, 0x0000000748a00000, 0x0000000748b00000|  0%| F|  |TAMS 0x0000000748a00000, 0x0000000748a00000| Untracked 
| 111|0x0000000748b00000, 0x0000000748b00000, 0x0000000748c00000|  0%| F|  |TAMS 0x0000000748b00000, 0x0000000748b00000| Untracked 
| 112|0x0000000748c00000, 0x0000000748c00000, 0x0000000748d00000|  0%| F|  |TAMS 0x0000000748c00000, 0x0000000748c00000| Untracked 
| 113|0x0000000748d00000, 0x0000000748d00000, 0x0000000748e00000|  0%| F|  |TAMS 0x0000000748d00000, 0x0000000748d00000| Untracked 
| 114|0x0000000748e00000, 0x0000000748e00000, 0x0000000748f00000|  0%| F|  |TAMS 0x0000000748e00000, 0x0000000748e00000| Untracked 
| 115|0x0000000748f00000, 0x0000000748f00000, 0x0000000749000000|  0%| F|  |TAMS 0x0000000748f00000, 0x0000000748f00000| Untracked 
| 116|0x0000000749000000, 0x0000000749000000, 0x0000000749100000|  0%| F|  |TAMS 0x0000000749000000, 0x0000000749000000| Untracked 
| 117|0x0000000749100000, 0x0000000749100000, 0x0000000749200000|  0%| F|  |TAMS 0x0000000749100000, 0x0000000749100000| Untracked 
| 118|0x0000000749200000, 0x0000000749200000, 0x0000000749300000|  0%| F|  |TAMS 0x0000000749200000, 0x0000000749200000| Untracked 
| 119|0x0000000749300000, 0x0000000749300000, 0x0000000749400000|  0%| F|  |TAMS 0x0000000749300000, 0x0000000749300000| Untracked 
| 120|0x0000000749400000, 0x0000000749400000, 0x0000000749500000|  0%| F|  |TAMS 0x0000000749400000, 0x0000000749400000| Untracked 
| 121|0x0000000749500000, 0x0000000749500000, 0x0000000749600000|  0%| F|  |TAMS 0x0000000749500000, 0x0000000749500000| Untracked 
| 122|0x0000000749600000, 0x0000000749600000, 0x0000000749700000|  0%| F|  |TAMS 0x0000000749600000, 0x0000000749600000| Untracked 
| 123|0x0000000749700000, 0x0000000749700000, 0x0000000749800000|  0%| F|  |TAMS 0x0000000749700000, 0x0000000749700000| Untracked 
| 124|0x0000000749800000, 0x0000000749800000, 0x0000000749900000|  0%| F|  |TAMS 0x0000000749800000, 0x0000000749800000| Untracked 
| 125|0x0000000749900000, 0x0000000749900000, 0x0000000749a00000|  0%| F|  |TAMS 0x0000000749900000, 0x0000000749900000| Untracked 
| 126|0x0000000749a00000, 0x0000000749a00000, 0x0000000749b00000|  0%| F|  |TAMS 0x0000000749a00000, 0x0000000749a00000| Untracked 
| 127|0x0000000749b00000, 0x0000000749b00000, 0x0000000749c00000|  0%| F|  |TAMS 0x0000000749b00000, 0x0000000749b00000| Untracked 
| 128|0x0000000749c00000, 0x0000000749c00000, 0x0000000749d00000|  0%| F|  |TAMS 0x0000000749c00000, 0x0000000749c00000| Untracked 
| 129|0x0000000749d00000, 0x0000000749d00000, 0x0000000749e00000|  0%| F|  |TAMS 0x0000000749d00000, 0x0000000749d00000| Untracked 
| 130|0x0000000749e00000, 0x0000000749e00000, 0x0000000749f00000|  0%| F|  |TAMS 0x0000000749e00000, 0x0000000749e00000| Untracked 
| 131|0x0000000749f00000, 0x0000000749f00000, 0x000000074a000000|  0%| F|  |TAMS 0x0000000749f00000, 0x0000000749f00000| Untracked 
| 132|0x000000074a000000, 0x000000074a000000, 0x000000074a100000|  0%| F|  |TAMS 0x000000074a000000, 0x000000074a000000| Untracked 
| 133|0x000000074a100000, 0x000000074a100000, 0x000000074a200000|  0%| F|  |TAMS 0x000000074a100000, 0x000000074a100000| Untracked 
| 134|0x000000074a200000, 0x000000074a200000, 0x000000074a300000|  0%| F|  |TAMS 0x000000074a200000, 0x000000074a200000| Untracked 
| 135|0x000000074a300000, 0x000000074a300000, 0x000000074a400000|  0%| F|  |TAMS 0x000000074a300000, 0x000000074a300000| Untracked 
| 136|0x000000074a400000, 0x000000074a400000, 0x000000074a500000|  0%| F|  |TAMS 0x000000074a400000, 0x000000074a400000| Untracked 
| 137|0x000000074a500000, 0x000000074a500000, 0x000000074a600000|  0%| F|  |TAMS 0x000000074a500000, 0x000000074a500000| Untracked 
| 138|0x000000074a600000, 0x000000074a600000, 0x000000074a700000|  0%| F|  |TAMS 0x000000074a600000, 0x000000074a600000| Untracked 
| 139|0x000000074a700000, 0x000000074a700000, 0x000000074a800000|  0%| F|  |TAMS 0x000000074a700000, 0x000000074a700000| Untracked 
| 140|0x000000074a800000, 0x000000074a800000, 0x000000074a900000|  0%| F|  |TAMS 0x000000074a800000, 0x000000074a800000| Untracked 
| 141|0x000000074a900000, 0x000000074a900000, 0x000000074aa00000|  0%| F|  |TAMS 0x000000074a900000, 0x000000074a900000| Untracked 
| 142|0x000000074aa00000, 0x000000074aa00000, 0x000000074ab00000|  0%| F|  |TAMS 0x000000074aa00000, 0x000000074aa00000| Untracked 
| 143|0x000000074ab00000, 0x000000074ab00000, 0x000000074ac00000|  0%| F|  |TAMS 0x000000074ab00000, 0x000000074ab00000| Untracked 
| 144|0x000000074ac00000, 0x000000074ac00000, 0x000000074ad00000|  0%| F|  |TAMS 0x000000074ac00000, 0x000000074ac00000| Untracked 
| 145|0x000000074ad00000, 0x000000074ad00000, 0x000000074ae00000|  0%| F|  |TAMS 0x000000074ad00000, 0x000000074ad00000| Untracked 
| 146|0x000000074ae00000, 0x000000074ae00000, 0x000000074af00000|  0%| F|  |TAMS 0x000000074ae00000, 0x000000074ae00000| Untracked 
| 147|0x000000074af00000, 0x000000074af00000, 0x000000074b000000|  0%| F|  |TAMS 0x000000074af00000, 0x000000074af00000| Untracked 
| 148|0x000000074b000000, 0x000000074b000000, 0x000000074b100000|  0%| F|  |TAMS 0x000000074b000000, 0x000000074b000000| Untracked 
| 149|0x000000074b100000, 0x000000074b100000, 0x000000074b200000|  0%| F|  |TAMS 0x000000074b100000, 0x000000074b100000| Untracked 
| 150|0x000000074b200000, 0x000000074b200000, 0x000000074b300000|  0%| F|  |TAMS 0x000000074b200000, 0x000000074b200000| Untracked 
| 151|0x000000074b300000, 0x000000074b300000, 0x000000074b400000|  0%| F|  |TAMS 0x000000074b300000, 0x000000074b300000| Untracked 
| 152|0x000000074b400000, 0x000000074b400000, 0x000000074b500000|  0%| F|  |TAMS 0x000000074b400000, 0x000000074b400000| Untracked 
| 153|0x000000074b500000, 0x000000074b500000, 0x000000074b600000|  0%| F|  |TAMS 0x000000074b500000, 0x000000074b500000| Untracked 
| 154|0x000000074b600000, 0x000000074b600000, 0x000000074b700000|  0%| F|  |TAMS 0x000000074b600000, 0x000000074b600000| Untracked 
| 155|0x000000074b700000, 0x000000074b700000, 0x000000074b800000|  0%| F|  |TAMS 0x000000074b700000, 0x000000074b700000| Untracked 
| 156|0x000000074b800000, 0x000000074b800000, 0x000000074b900000|  0%| F|  |TAMS 0x000000074b800000, 0x000000074b800000| Untracked 
| 157|0x000000074b900000, 0x000000074b900000, 0x000000074ba00000|  0%| F|  |TAMS 0x000000074b900000, 0x000000074b900000| Untracked 
| 158|0x000000074ba00000, 0x000000074ba00000, 0x000000074bb00000|  0%| F|  |TAMS 0x000000074ba00000, 0x000000074ba00000| Untracked 
| 159|0x000000074bb00000, 0x000000074bb00000, 0x000000074bc00000|  0%| F|  |TAMS 0x000000074bb00000, 0x000000074bb00000| Untracked 
| 160|0x000000074bc00000, 0x000000074bc00000, 0x000000074bd00000|  0%| F|  |TAMS 0x000000074bc00000, 0x000000074bc00000| Untracked 
| 161|0x000000074bd00000, 0x000000074bd00000, 0x000000074be00000|  0%| F|  |TAMS 0x000000074bd00000, 0x000000074bd00000| Untracked 
| 162|0x000000074be00000, 0x000000074be00000, 0x000000074bf00000|  0%| F|  |TAMS 0x000000074be00000, 0x000000074be00000| Untracked 
| 163|0x000000074bf00000, 0x000000074bf00000, 0x000000074c000000|  0%| F|  |TAMS 0x000000074bf00000, 0x000000074bf00000| Untracked 
| 164|0x000000074c000000, 0x000000074c000000, 0x000000074c100000|  0%| F|  |TAMS 0x000000074c000000, 0x000000074c000000| Untracked 
| 165|0x000000074c100000, 0x000000074c100000, 0x000000074c200000|  0%| F|  |TAMS 0x000000074c100000, 0x000000074c100000| Untracked 
| 166|0x000000074c200000, 0x000000074c200000, 0x000000074c300000|  0%| F|  |TAMS 0x000000074c200000, 0x000000074c200000| Untracked 
| 167|0x000000074c300000, 0x000000074c300000, 0x000000074c400000|  0%| F|  |TAMS 0x000000074c300000, 0x000000074c300000| Untracked 
| 168|0x000000074c400000, 0x000000074c400000, 0x000000074c500000|  0%| F|  |TAMS 0x000000074c400000, 0x000000074c400000| Untracked 
| 169|0x000000074c500000, 0x000000074c500000, 0x000000074c600000|  0%| F|  |TAMS 0x000000074c500000, 0x000000074c500000| Untracked 
| 170|0x000000074c600000, 0x000000074c600000, 0x000000074c700000|  0%| F|  |TAMS 0x000000074c600000, 0x000000074c600000| Untracked 
| 171|0x000000074c700000, 0x000000074c700000, 0x000000074c800000|  0%| F|  |TAMS 0x000000074c700000, 0x000000074c700000| Untracked 
| 172|0x000000074c800000, 0x000000074c800000, 0x000000074c900000|  0%| F|  |TAMS 0x000000074c800000, 0x000000074c800000| Untracked 
| 173|0x000000074c900000, 0x000000074c900000, 0x000000074ca00000|  0%| F|  |TAMS 0x000000074c900000, 0x000000074c900000| Untracked 
| 174|0x000000074ca00000, 0x000000074ca00000, 0x000000074cb00000|  0%| F|  |TAMS 0x000000074ca00000, 0x000000074ca00000| Untracked 
| 175|0x000000074cb00000, 0x000000074cb00000, 0x000000074cc00000|  0%| F|  |TAMS 0x000000074cb00000, 0x000000074cb00000| Untracked 
| 176|0x000000074cc00000, 0x000000074cc00000, 0x000000074cd00000|  0%| F|  |TAMS 0x000000074cc00000, 0x000000074cc00000| Untracked 
| 177|0x000000074cd00000, 0x000000074cd00000, 0x000000074ce00000|  0%| F|  |TAMS 0x000000074cd00000, 0x000000074cd00000| Untracked 
| 178|0x000000074ce00000, 0x000000074ce00000, 0x000000074cf00000|  0%| F|  |TAMS 0x000000074ce00000, 0x000000074ce00000| Untracked 
| 179|0x000000074cf00000, 0x000000074cf00000, 0x000000074d000000|  0%| F|  |TAMS 0x000000074cf00000, 0x000000074cf00000| Untracked 
| 180|0x000000074d000000, 0x000000074d000000, 0x000000074d100000|  0%| F|  |TAMS 0x000000074d000000, 0x000000074d000000| Untracked 
| 181|0x000000074d100000, 0x000000074d100000, 0x000000074d200000|  0%| F|  |TAMS 0x000000074d100000, 0x000000074d100000| Untracked 
| 182|0x000000074d200000, 0x000000074d200000, 0x000000074d300000|  0%| F|  |TAMS 0x000000074d200000, 0x000000074d200000| Untracked 
| 183|0x000000074d300000, 0x000000074d300000, 0x000000074d400000|  0%| F|  |TAMS 0x000000074d300000, 0x000000074d300000| Untracked 
| 184|0x000000074d400000, 0x000000074d400000, 0x000000074d500000|  0%| F|  |TAMS 0x000000074d400000, 0x000000074d400000| Untracked 
| 185|0x000000074d500000, 0x000000074d500000, 0x000000074d600000|  0%| F|  |TAMS 0x000000074d500000, 0x000000074d500000| Untracked 
| 186|0x000000074d600000, 0x000000074d600000, 0x000000074d700000|  0%| F|  |TAMS 0x000000074d600000, 0x000000074d600000| Untracked 
| 187|0x000000074d700000, 0x000000074d700000, 0x000000074d800000|  0%| F|  |TAMS 0x000000074d700000, 0x000000074d700000| Untracked 
| 188|0x000000074d800000, 0x000000074d800000, 0x000000074d900000|  0%| F|  |TAMS 0x000000074d800000, 0x000000074d800000| Untracked 
| 189|0x000000074d900000, 0x000000074d900000, 0x000000074da00000|  0%| F|  |TAMS 0x000000074d900000, 0x000000074d900000| Untracked 
| 190|0x000000074da00000, 0x000000074dad7d38, 0x000000074db00000| 84%| E|  |TAMS 0x000000074da00000, 0x000000074da00000| Complete 
| 191|0x000000074db00000, 0x000000074dc00000, 0x000000074dc00000|100%| E|CS|TAMS 0x000000074db00000, 0x000000074db00000| Complete 

Card table byte_map: [0x0000021500600000,0x0000021500c00000] _byte_map_base: 0x00000214fcbf2000

Marking Bits (Prev, Next): (CMBitMap*) 0x000002156c9272f8, (CMBitMap*) 0x000002156c927330
 Prev Bits: [0x0000021501200000, 0x0000021504190000)
 Next Bits: [0x0000021504190000, 0x0000021507120000)

Polling page: 0x000002156afe0000

Metaspace:

Usage:
  Non-class:      4.02 MB capacity,   447.42 KB ( 11%) used,     3.58 MB ( 89%) free+waste,     1.38 KB ( <1%) overhead. 
      Class:    398.00 KB capacity,    42.16 KB ( 11%) used,   354.91 KB ( 89%) free+waste,   960 bytes ( <1%) overhead. 
       Both:      4.41 MB capacity,   489.58 KB ( 11%) used,     3.93 MB ( 89%) free+waste,     2.31 KB ( <1%) overhead. 

Virtual space:
  Non-class space:        8.00 MB reserved,       4.25 MB ( 53%) committed 
      Class space:        1.00 GB reserved,     512.00 KB ( <1%) committed 
             Both:        1.01 GB reserved,       4.75 MB ( <1%) committed 

Chunk freelists:
   Non-Class:  0 bytes
       Class:  0 bytes
        Both:  0 bytes

CodeHeap 'non-profiled nmethods': size=120064Kb used=60Kb max_used=60Kb free=120004Kb
 bounds [0x0000021578310000, 0x0000021578580000, 0x000002157f850000]
CodeHeap 'profiled nmethods': size=120000Kb used=225Kb max_used=225Kb free=119774Kb
 bounds [0x0000021570de0000, 0x0000021571050000, 0x0000021578310000]
CodeHeap 'non-nmethods': size=5696Kb used=1051Kb max_used=1052Kb free=4644Kb
 bounds [0x0000021570850000, 0x0000021570ac0000, 0x0000021570de0000]
 total_blobs=569 nmethods=180 adapters=238
 compilation: enabled
              stopped_count=0, restarted_count=0
 full_count=0

Compilation events (10 events):
Event: 0.174 Thread 0x0000021509fbf800 nmethod 178 0x0000021570e16d10 code [0x0000021570e16f00, 0x0000021570e17280]
Event: 0.175 Thread 0x0000021509fbf800  179       3       java.lang.String::checkBoundsBeginEnd (60 bytes)
Event: 0.175 Thread 0x0000021509641000 nmethod 147 0x000002157831ce10 code [0x000002157831d000, 0x000002157831ddd8]
Event: 0.175 Thread 0x0000021509641000  172       4       java.lang.String::charAt (25 bytes)
Event: 0.176 Thread 0x0000021509fbf800 nmethod 179 0x0000021570e17390 code [0x0000021570e17660, 0x0000021570e18220]
Event: 0.177 Thread 0x0000021509641000 nmethod 172 0x000002157831e310 code [0x000002157831e4c0, 0x000002157831e5c8]
Event: 0.177 Thread 0x0000021509641000  149       4       java.util.HashMap::newNode (13 bytes)
Event: 0.181 Thread 0x0000021509641000 nmethod 149 0x000002157831e710 code [0x000002157831e8a0, 0x000002157831ebd8]
Event: 0.185 Thread 0x0000021509fbf800  180       1       java.lang.Class::getModule (5 bytes)
Event: 0.185 Thread 0x0000021509fbf800 nmethod 180 0x000002157831ec90 code [0x000002157831ee40, 0x000002157831ef78]

GC Heap History (0 events):
No events

Deoptimization events (2 events):
Event: 0.169 Thread 0x000002156c8d3800 Uncommon trap: reason=unstable_if action=reinterpret pc=0x000002157831a9ec method=java.lang.String.equals(Ljava/lang/Object;)Z @ 34 c2
Event: 0.177 Thread 0x000002156c8d3800 Uncommon trap: reason=class_check action=maybe_recompile pc=0x000002157831db34 method=java.util.HashMap.putVal(ILjava/lang/Object;Ljava/lang/Object;ZZ)Ljava/lang/Object; @ 152 c2

Classes redefined (0 events):
No events

Internal exceptions (0 events):
No events

Events (10 events):
Event: 0.165 loading class sun/nio/cs/ThreadLocalCoders$2
Event: 0.165 loading class sun/nio/cs/ThreadLocalCoders$2 done
Event: 0.165 loading class sun/nio/cs/UTF_8$Decoder
Event: 0.165 loading class sun/nio/cs/UTF_8$Decoder done
Event: 0.169 Thread 0x000002156c8d3800 Uncommon trap: trap_request=0xffffff4d fr.pc=0x000002157831a9ec relative=0x00000000000001cc
Event: 0.169 Thread 0x000002156c8d3800 DEOPT PACKING pc=0x000002157831a9ec sp=0x00000056f96fcff0
Event: 0.169 Thread 0x000002156c8d3800 DEOPT UNPACKING pc=0x00000215708792af sp=0x00000056f96fcf88 mode 2
Event: 0.177 Thread 0x000002156c8d3800 Uncommon trap: trap_request=0xffffffde fr.pc=0x000002157831db34 relative=0x0000000000000b34
Event: 0.177 Thread 0x000002156c8d3800 DEOPT PACKING pc=0x000002157831db34 sp=0x00000056f96f7240
Event: 0.177 Thread 0x000002156c8d3800 DEOPT UNPACKING pc=0x00000215708792af sp=0x00000056f96f71c0 mode 2


Dynamic libraries:
0x00007ff7b5090000 - 0x00007ff7b50d7000 	D:\IntelliJ IDEA 2019.2.2\jbr\bin\java.exe
0x00007ffed5380000 - 0x00007ffed5570000 	C:\Windows\SYSTEM32\ntdll.dll
0x00007ffed48d0000 - 0x00007ffed4982000 	C:\Windows\System32\KERNEL32.DLL
0x00007ffed2340000 - 0x00007ffed25e3000 	C:\Windows\System32\KERNELBASE.dll
0x00007ffed4bf0000 - 0x00007ffed4d84000 	C:\Windows\System32\USER32.dll
0x00007ffed2310000 - 0x00007ffed2331000 	C:\Windows\System32\win32u.dll
0x00007ffed48a0000 - 0x00007ffed48c6000 	C:\Windows\System32\GDI32.dll
0x00007ffed27a0000 - 0x00007ffed2934000 	C:\Windows\System32\gdi32full.dll
0x00007ffed2b10000 - 0x00007ffed2bae000 	C:\Windows\System32\msvcp_win.dll
0x00007ffed2bb0000 - 0x00007ffed2caa000 	C:\Windows\System32\ucrtbase.dll
0x00007ffec5b60000 - 0x00007ffec5de5000 	C:\Windows\WinSxS\amd64_microsoft.windows.common-controls_6595b64144ccf1df_6.0.18362.418_none_e6c6b287130d565d\COMCTL32.dll
0x00007ffed47a0000 - 0x00007ffed483e000 	C:\Windows\System32\msvcrt.dll
0x00007ffed4e40000 - 0x00007ffed5176000 	C:\Windows\System32\combase.dll
0x00007ffed4680000 - 0x00007ffed47a0000 	C:\Windows\System32\RPCRT4.dll
0x00007ffed25f0000 - 0x00007ffed2670000 	C:\Windows\System32\bcryptPrimitives.dll
0x00007ffed4560000 - 0x00007ffed458e000 	C:\Windows\System32\IMM32.DLL
0x00007ffecdd00000 - 0x00007ffecdd17000 	D:\IntelliJ IDEA 2019.2.2\jbr\bin\vcruntime140.dll
0x00007ffea0000000 - 0x00007ffea009d000 	D:\IntelliJ IDEA 2019.2.2\jbr\bin\msvcp140.dll
0x00007ffe93030000 - 0x00007ffe93ae7000 	D:\IntelliJ IDEA 2019.2.2\jbr\bin\server\jvm.dll
0x00007ffed4d90000 - 0x00007ffed4e33000 	C:\Windows\System32\ADVAPI32.dll
0x00007ffed34f0000 - 0x00007ffed3587000 	C:\Windows\System32\sechost.dll
0x00007ffed4600000 - 0x00007ffed4608000 	C:\Windows\System32\PSAPI.DLL
0x00007ffec8c90000 - 0x00007ffec8c99000 	C:\Windows\SYSTEM32\WSOCK32.dll
0x00007ffed4610000 - 0x00007ffed467f000 	C:\Windows\System32\WS2_32.dll
0x00007ffeca2c0000 - 0x00007ffeca2e4000 	C:\Windows\SYSTEM32\WINMM.dll
0x00007ffecb290000 - 0x00007ffecb29a000 	C:\Windows\SYSTEM32\VERSION.dll
0x00007ffeca290000 - 0x00007ffeca2bd000 	C:\Windows\SYSTEM32\WINMMBASE.dll
0x00007ffed2670000 - 0x00007ffed26ba000 	C:\Windows\System32\cfgmgr32.dll
0x00007ffed2280000 - 0x00007ffed2291000 	C:\Windows\System32\kernel.appcore.dll
0x00007ffece390000 - 0x00007ffece3a1000 	D:\IntelliJ IDEA 2019.2.2\jbr\bin\verify.dll
0x00007ffed0b20000 - 0x00007ffed0d14000 	C:\Windows\SYSTEM32\DBGHELP.DLL
0x00007ffec6e20000 - 0x00007ffec6e4a000 	C:\Windows\SYSTEM32\dbgcore.DLL
0x00007ffebc8c0000 - 0x00007ffebc8e9000 	D:\IntelliJ IDEA 2019.2.2\jbr\bin\java.dll
0x00007ffec5180000 - 0x00007ffec51b4000 	D:\IntelliJ IDEA 2019.2.2\jbr\bin\instrument.dll
0x00007ffec9ff0000 - 0x00007ffeca007000 	D:\IntelliJ IDEA 2019.2.2\jbr\bin\zip.dll
0x00007ffecdce0000 - 0x00007ffecdceb000 	D:\IntelliJ IDEA 2019.2.2\jbr\bin\jimage.dll
0x00007ffed3bb0000 - 0x00007ffed4295000 	C:\Windows\System32\SHELL32.dll
0x00007ffed4b40000 - 0x00007ffed4be9000 	C:\Windows\System32\shcore.dll
0x00007ffed2cb0000 - 0x00007ffed342f000 	C:\Windows\System32\windows.storage.dll
0x00007ffed2260000 - 0x00007ffed227f000 	C:\Windows\System32\profapi.dll
0x00007ffed22a0000 - 0x00007ffed22ea000 	C:\Windows\System32\powrprof.dll
0x00007ffed2250000 - 0x00007ffed2260000 	C:\Windows\System32\UMPDC.dll
0x00007ffed3430000 - 0x00007ffed3482000 	C:\Windows\System32\shlwapi.dll
0x00007ffed29a0000 - 0x00007ffed29b7000 	C:\Windows\System32\cryptsp.dll
0x00007ffeb9700000 - 0x00007ffeb971a000 	D:\IntelliJ IDEA 2019.2.2\jbr\bin\net.dll
0x00007ffeca3f0000 - 0x00007ffeca4e0000 	C:\Windows\SYSTEM32\WINHTTP.dll
0x00007ffeca0b0000 - 0x00007ffeca286000 	C:\Windows\SYSTEM32\urlmon.dll
0x00007ffec8690000 - 0x00007ffec8936000 	C:\Windows\SYSTEM32\iertutil.dll
0x00007ffed1c90000 - 0x00007ffed1c9c000 	C:\Windows\SYSTEM32\CRYPTBASE.DLL
0x00007ffed1ac0000 - 0x00007ffed1b27000 	C:\Windows\system32\mswsock.dll
0x00007ffeb96e0000 - 0x00007ffeb96f4000 	D:\IntelliJ IDEA 2019.2.2\jbr\bin\nio.dll

dbghelp: loaded successfully - version: 4.0.5 - missing functions: none
symbol engine: initialized successfully - sym options: 0x614 - pdb path: .;D:\IntelliJ IDEA 2019.2.2\jbr\bin;C:\Windows\SYSTEM32;C:\Windows\WinSxS\amd64_microsoft.windows.common-controls_6595b64144ccf1df_6.0.18362.418_none_e6c6b287130d565d;D:\IntelliJ IDEA 2019.2.2\jbr\bin\server

VM Arguments:
jvm_args: -javaagent:D:\IntelliJ IDEA 2019.2.2\lib\idea_rt.jar=50806:D:\IntelliJ IDEA 2019.2.2\bin -Dfile.encoding=UTF-8 
java_command: ticTacToe.Main
java_class_path (initial): D:\Java\tasks\10. Игра m,n,k\withModification\ticTacToe\out\production\ticTacToe
Launcher Type: SUN_STANDARD

[Global flags]
     intx CICompilerCount                          = 3                                         {product} {ergonomic}
     uint ConcGCThreads                            = 1                                         {product} {ergonomic}
     uint G1ConcRefinementThreads                  = 4                                         {product} {ergonomic}
   size_t G1HeapRegionSize                         = 1048576                                   {product} {ergonomic}
    uintx GCDrainStackTargetSize                   = 64                                        {product} {ergonomic}
   size_t InitialHeapSize                          = 201326592                                 {product} {ergonomic}
   size_t MarkStackSize                            = 4194304                                   {product} {ergonomic}
   size_t MaxHeapSize                              = 3191865344                                {product} {ergonomic}
   size_t MaxNewSize                               = 1914699776                                {product} {ergonomic}
   size_t MinHeapDeltaBytes                        = 1048576                                   {product} {ergonomic}
    uintx NonNMethodCodeHeapSize                   = 5830092                                {pd product} {ergonomic}
    uintx NonProfiledCodeHeapSize                  = 122914074                              {pd product} {ergonomic}
    uintx ProfiledCodeHeapSize                     = 122914074                              {pd product} {ergonomic}
    uintx ReservedCodeCacheSize                    = 251658240                              {pd product} {ergonomic}
     bool SegmentedCodeCache                       = true                                      {product} {ergonomic}
     bool UseCompressedClassPointers               = true                                 {lp64_product} {ergonomic}
     bool UseCompressedOops                        = true                                 {lp64_product} {ergonomic}
     bool UseG1GC                                  = true                                      {product} {ergonomic}
     bool UseLargePagesIndividualAllocation        = false                                  {pd product} {ergonomic}

Logging:
Log output configuration:
 #0: stdout all=warning uptime,level,tags
 #1: stderr all=off uptime,level,tags

Environment Variables:
JAVA_HOME=C:\Program Files\AdoptOpenJDK\jdk-12.0.2.10-openj9\
PATH=C:\Program Files\AdoptOpenJDK\jre-12.0.2.10-openj9\bin;C:\Program Files\AdoptOpenJDK\jdk-12.0.2.10-openj9\bin;C:\Windows\system32;C:\Windows;C:\Windows\System32\Wbem;C:\Windows\System32\WindowsPowerShell\v1.0\;C:\Windows\System32\OpenSSH\;C:\Users\vovan\AppData\Local\Microsoft\WindowsApps;C:\Users\vovan\AppData\Local\GitHubDesktop\bin
USERNAME=vovan
OS=Windows_NT
PROCESSOR_IDENTIFIER=Intel64 Family 6 Model 142 Stepping 9, GenuineIntel



---------------  S Y S T E M  ---------------

OS: Windows 10 , 64 bit Build 18362 (10.0.18362.329)

CPU:total 4 (initial active 4) (2 cores per cpu, 2 threads per core) family 6 model 142 stepping 9, cmov, cx8, fxsr, mmx, sse, sse2, sse3, ssse3, sse4.1, sse4.2, popcnt, avx, avx2, aes, clmul, erms, 3dnowpref, lzcnt, ht, tsc, tscinvbit, bmi1, bmi2, adx, fma

Memory: 4k page, system-wide physical 12174M (8045M free)
TotalPageFile size 14606M (AvailPageFile size 9830M)
current process WorkingSet (physical memory assigned to process): 38M, peak: 38M
current process commit charge ("private bytes"): 266M, peak: 266M

vm_info: OpenJDK 64-Bit Server VM (11.0.3+12-b304.56) for windows-amd64 JRE (11.0.3+12-b304.56), built on Sep  3 2019 10:54:25 by "" with MS VC++ 14.0 (VS2015)

END.
